# JRE version: OpenJDK Runtime Environment (11.0.2+9) (build 11.0.2+9)
# Java VM: OpenJDK 64-Bit Server VM (11.0.2+9, mixed mode, tiered, compressed oops, g1 gc, bsd-amd64)
Heap:
 garbage-first heap   total 524288K, used 69814K [0x0000000600000000, 0x0000000800000000)
  region size 2048K, 5 young (10240K), 3 survivors (6144K)
 Metaspace       used 32509K, capacity 33085K, committed 33664K, reserved 1079296K
  class space    used 3378K, capacity 3646K, committed 3712K, reserved 1048576K
GC Heap History (8 events):
Event: 0.655 GC heap before
{Heap before GC invocations=0 (full 0):
 garbage-first heap   total 524288K, used 24576K [0x0000000600000000, 0x0000000800000000)
  region size 2048K, 12 young (24576K), 0 survivors (0K)
 Metaspace       used 14255K, capacity 14588K, committed 14976K, reserved 1062912K
  class space    used 1459K, capacity 1593K, committed 1664K, reserved 1048576K
}
Event: 0.660 GC heap after
{Heap after GC invocations=1 (full 0):
 garbage-first heap   total 524288K, used 4314K [0x0000000600000000, 0x0000000800000000)
  region size 2048K, 2 young (4096K), 2 survivors (4096K)
 Metaspace       used 14255K, capacity 14588K, committed 14976K, reserved 1062912K
  class space    used 1459K, capacity 1593K, committed 1664K, reserved 1048576K
}
Event: 1.044 GC heap before
{Heap before GC invocations=1 (full 0):
 garbage-first heap   total 524288K, used 37082K [0x0000000600000000, 0x0000000800000000)
  region size 2048K, 20 young (40960K), 2 survivors (4096K)
 Metaspace       used 20617K, capacity 20994K, committed 21248K, reserved 1069056K
  class space    used 2104K, capacity 2286K, committed 2304K, reserved 1048576K
}
Event: 1.050 GC heap after
{Heap after GC invocations=2 (full 0):
 garbage-first heap   total 524288K, used 5187K [0x0000000600000000, 0x0000000800000000)
  region size 2048K, 3 young (6144K), 3 survivors (6144K)
 Metaspace       used 20617K, capacity 20994K, committed 21248K, reserved 1069056K
  class space    used 2104K, capacity 2286K, committed 2304K, reserved 1048576K
}
Event: 9.450 GC heap before
{Heap before GC invocations=3 (full 0):
 garbage-first heap   total 524288K, used 56387K [0x0000000600000000, 0x0000000800000000)
  region size 2048K, 28 young (57344K), 3 survivors (6144K)
 Metaspace       used 31183K, capacity 31804K, committed 32256K, reserved 1077248K
  class space    used 3308K, capacity 3582K, committed 3584K, reserved 1048576K
}
Event: 9.457 GC heap after
{Heap after GC invocations=4 (full 0):
 garbage-first heap   total 524288K, used 9478K [0x0000000600000000, 0x0000000800000000)
  region size 2048K, 3 young (6144K), 3 survivors (6144K)
 Metaspace       used 31183K, capacity 31804K, committed 32256K, reserved 1077248K
  class space    used 3308K, capacity 3582K, committed 3584K, reserved 1048576K
}
Event: 35922.753 GC heap before
{Heap before GC invocations=4 (full 0):
 garbage-first heap   total 524288K, used 156934K [0x0000000600000000, 0x0000000800000000)
  region size 2048K, 47 young (96256K), 3 survivors (6144K)
 Metaspace       used 32507K, capacity 33085K, committed 33664K, reserved 1079296K
  class space    used 3378K, capacity 3646K, committed 3712K, reserved 1048576K
}
Event: 35922.792 GC heap after
{Heap after GC invocations=5 (full 0):
 garbage-first heap   total 524288K, used 67766K [0x0000000600000000, 0x0000000800000000)
  region size 2048K, 3 young (6144K), 3 survivors (6144K)
 Metaspace       used 32507K, capacity 33085K, committed 33664K, reserved 1079296K
  class space    used 3378K, capacity 3646K, committed 3712K, reserved 1048576K
}

